<?xml version="1.0" encoding="UTF-8"?>
<!-- Generated by org.testng.reporters.JUnitXMLReporter -->
<testsuite ignored="0" hostname="PP-IN-LAP-193" failures="0" tests="3" name="Default test" time="12.081" errors="0" timestamp="17 Oct 2024 00:54:52 GMT">
  <testcase classname="com.glams.qa.testcases.LoginPageTest" name="loginPageTitleTest" time="0.009"/>
  <testcase classname="com.glams.qa.testcases.LoginPageTest" name="GLAMSLogoTest" time="0.027"/>
  <testcase classname="com.glams.qa.testcases.LoginPageTest" name="loginTest" time="2.219"/>
</testsuite> <!-- Default test -->
