<?xml version="1.0" encoding="UTF-8"?>
<testng-results ignored="0" total="3" passed="3" failed="0" skipped="0">
  <reporter-output>
  </reporter-output>
  <suite started-at="2024-10-17T00:54:40Z" name="Default suite" finished-at="2024-10-17T00:54:52Z" duration-ms="12081">
    <groups>
    </groups>
    <test started-at="2024-10-17T00:54:40Z" name="Default test" finished-at="2024-10-17T00:54:52Z" duration-ms="12081">
      <class name="com.glams.qa.testcases.LoginPageTest">
        <test-method is-config="true" signature="setUp()[pri:0, instance:com.glams.qa.testcases.LoginPageTest@5ef5c734]" started-at="2024-10-17T06:24:40Z" name="setUp" finished-at="2024-10-17T06:24:43Z" duration-ms="2738" status="PASS">
          <reporter-output>
          </reporter-output>
        </test-method> <!-- setUp -->
        <test-method signature="loginPageTitleTest()[pri:1, instance:com.glams.qa.testcases.LoginPageTest@5ef5c734]" started-at="2024-10-17T06:24:43Z" name="loginPageTitleTest" finished-at="2024-10-17T06:24:43Z" duration-ms="9" status="PASS">
          <reporter-output>
          </reporter-output>
        </test-method> <!-- loginPageTitleTest -->
        <test-method is-config="true" signature="tearDown()[pri:0, instance:com.glams.qa.testcases.LoginPageTest@5ef5c734]" started-at="2024-10-17T06:24:43Z" name="tearDown" finished-at="2024-10-17T06:24:43Z" duration-ms="131" status="PASS">
          <reporter-output>
          </reporter-output>
        </test-method> <!-- tearDown -->
        <test-method is-config="true" signature="setUp()[pri:0, instance:com.glams.qa.testcases.LoginPageTest@5ef5c734]" started-at="2024-10-17T06:24:43Z" name="setUp" finished-at="2024-10-17T06:24:47Z" duration-ms="3862" status="PASS">
          <reporter-output>
          </reporter-output>
        </test-method> <!-- setUp -->
        <test-method signature="GLAMSLogoTest()[pri:2, instance:com.glams.qa.testcases.LoginPageTest@5ef5c734]" started-at="2024-10-17T06:24:47Z" name="GLAMSLogoTest" finished-at="2024-10-17T06:24:47Z" duration-ms="27" status="PASS">
          <reporter-output>
          </reporter-output>
        </test-method> <!-- GLAMSLogoTest -->
        <test-method is-config="true" signature="tearDown()[pri:0, instance:com.glams.qa.testcases.LoginPageTest@5ef5c734]" started-at="2024-10-17T06:24:47Z" name="tearDown" finished-at="2024-10-17T06:24:47Z" duration-ms="98" status="PASS">
          <reporter-output>
          </reporter-output>
        </test-method> <!-- tearDown -->
        <test-method is-config="true" signature="setUp()[pri:0, instance:com.glams.qa.testcases.LoginPageTest@5ef5c734]" started-at="2024-10-17T06:24:47Z" name="setUp" finished-at="2024-10-17T06:24:49Z" duration-ms="2676" status="PASS">
          <reporter-output>
          </reporter-output>
        </test-method> <!-- setUp -->
        <test-method signature="loginTest()[pri:3, instance:com.glams.qa.testcases.LoginPageTest@5ef5c734]" started-at="2024-10-17T06:24:49Z" name="loginTest" finished-at="2024-10-17T06:24:52Z" duration-ms="2219" status="PASS">
          <reporter-output>
          </reporter-output>
        </test-method> <!-- loginTest -->
        <test-method is-config="true" signature="tearDown()[pri:0, instance:com.glams.qa.testcases.LoginPageTest@5ef5c734]" started-at="2024-10-17T06:24:52Z" name="tearDown" finished-at="2024-10-17T06:24:52Z" duration-ms="310" status="PASS">
          <reporter-output>
          </reporter-output>
        </test-method> <!-- tearDown -->
      </class> <!-- com.glams.qa.testcases.LoginPageTest -->
    </test> <!-- Default test -->
  </suite> <!-- Default suite -->
</testng-results>
